<?xml version="1.0" encoding="UTF-8"?>
<testsuite xmlns:xsi="http://www.w3.org/2001/XMLSchema-instance" xsi:noNamespaceSchemaLocation="https://maven.apache.org/surefire/maven-surefire-plugin/xsd/surefire-test-report-3.0.xsd" version="3.0" name="com.google.gson.stream.JsonReaderTest" time="0.016" tests="122" errors="0" skipped="0" failures="0">
  <properties>
    <property name="java.specification.version" value="17"/>
    <property name="sun.cpu.isalist" value="amd64"/>
    <property name="sun.jnu.encoding" value="Cp1252"/>
    <property name="java.class.path" value="H:\Documents\kth\dd2480\gson\gson\target\test-classes;C:\Users\ars\.m2\repository\junit\junit\4.13.2\junit-4.13.2.jar;C:\Users\ars\.m2\repository\org\hamcrest\hamcrest-core\1.3\hamcrest-core-1.3.jar;"/>
    <property name="java.vm.vendor" value="Oracle Corporation"/>
    <property name="sun.arch.data.model" value="64"/>
    <property name="user.variant" value=""/>
    <property name="java.vendor.url" value="https://java.oracle.com/"/>
    <property name="user.timezone" value="Europe/Berlin"/>
    <property name="os.name" value="Windows 10"/>
    <property name="java.vm.specification.version" value="17"/>
    <property name="sun.java.launcher" value="SUN_STANDARD"/>
    <property name="user.country" value="US"/>
    <property name="sun.boot.library.path" value="C:\Users\ars\.jdks\openjdk-17.0.1\bin"/>
    <property name="sun.java.command" value="org.apache.maven.surefire.booter.ForkedBooter C:\Users\ars\AppData\Local\Temp\surefire2362353344251959121 2022-03-07T09-57-13_406-jvmRun1 surefire7036044661874290223tmp surefire_07608946865381281629tmp"/>
    <property name="jdk.debug" value="release"/>
    <property name="surefire.test.class.path" value="H:\Documents\kth\dd2480\gson\gson\target\test-classes;C:\Users\ars\.m2\repository\junit\junit\4.13.2\junit-4.13.2.jar;C:\Users\ars\.m2\repository\org\hamcrest\hamcrest-core\1.3\hamcrest-core-1.3.jar;"/>
    <property name="sun.cpu.endian" value="little"/>
    <property name="user.home" value="C:\Users\ars"/>
    <property name="user.language" value="en"/>
    <property name="java.specification.vendor" value="Oracle Corporation"/>
    <property name="jdk.module.path" value="H:\Documents\kth\dd2480\gson\gson\target\classes"/>
    <property name="java.version.date" value="2021-10-19"/>
    <property name="java.home" value="C:\Users\ars\.jdks\openjdk-17.0.1"/>
    <property name="file.separator" value="\"/>
    <property name="basedir" value="H:\Documents\kth\dd2480\gson\gson"/>
    <property name="java.vm.compressedOopsMode" value="Zero based"/>
    <property name="line.separator" value="&#10;"/>
    <property name="java.vm.specification.vendor" value="Oracle Corporation"/>
    <property name="java.specification.name" value="Java Platform API Specification"/>
    <property name="surefire.real.class.path" value="C:\Users\ars\.m2\repository\org\apache\maven\surefire\surefire-booter\3.0.0-M5\surefire-booter-3.0.0-M5.jar;C:\Users\ars\.m2\repository\org\apache\maven\surefire\surefire-api\3.0.0-M5\surefire-api-3.0.0-M5.jar;C:\Users\ars\.m2\repository\org\apache\maven\surefire\surefire-logger-api\3.0.0-M5\surefire-logger-api-3.0.0-M5.jar;C:\Users\ars\.m2\repository\org\apache\maven\surefire\surefire-shared-utils\3.0.0-M4\surefire-shared-utils-3.0.0-M4.jar;C:\Users\ars\.m2\repository\org\apache\maven\surefire\surefire-extensions-spi\3.0.0-M5\surefire-extensions-spi-3.0.0-M5.jar;H:\Documents\kth\dd2480\gson\gson\target\test-classes;C:\Users\ars\.m2\repository\junit\junit\4.13.2\junit-4.13.2.jar;C:\Users\ars\.m2\repository\org\hamcrest\hamcrest-core\1.3\hamcrest-core-1.3.jar;C:\Users\ars\.m2\repository\org\apache\maven\surefire\surefire-junit4\3.0.0-M5\surefire-junit4-3.0.0-M5.jar;C:\Users\ars\.m2\repository\org\apache\maven\surefire\common-java5\3.0.0-M5\common-java5-3.0.0-M5.jar;C:\Users\ars\.m2\repository\org\apache\maven\surefire\common-junit3\3.0.0-M5\common-junit3-3.0.0-M5.jar;C:\Users\ars\.m2\repository\org\apache\maven\surefire\common-junit4\3.0.0-M5\common-junit4-3.0.0-M5.jar"/>
    <property name="user.script" value=""/>
    <property name="sun.management.compiler" value="HotSpot 64-Bit Tiered Compilers"/>
    <property name="java.runtime.version" value="17.0.1+12-39"/>
    <property name="user.name" value="ars"/>
    <property name="path.separator" value=";"/>
    <property name="os.version" value="10.0"/>
    <property name="java.runtime.name" value="OpenJDK Runtime Environment"/>
    <property name="file.encoding" value="Cp1252"/>
    <property name="java.vm.name" value="OpenJDK 64-Bit Server VM"/>
    <property name="localRepository" value="C:\Users\ars\.m2\repository"/>
    <property name="java.vendor.url.bug" value="https://bugreport.java.com/bugreport/"/>
    <property name="java.io.tmpdir" value="C:\Users\ars\AppData\Local\Temp\"/>
    <property name="idea.version" value="2021.3.1"/>
    <property name="java.version" value="17.0.1"/>
    <property name="user.dir" value="H:\Documents\kth\dd2480\gson\gson"/>
    <property name="os.arch" value="amd64"/>
    <property name="java.vm.specification.name" value="Java Virtual Machine Specification"/>
    <property name="sun.os.patch.level" value=""/>
    <property name="native.encoding" value="Cp1252"/>
    <property name="java.library.path" value="C:\Users\ars\.jdks\openjdk-17.0.1\bin;C:\WINDOWS\Sun\Java\bin;C:\WINDOWS\system32;C:\WINDOWS;C:\Program Files (x86)\Common Files\Oracle\Java\javapath;C:\Program Files\NVIDIA GPU Computing Toolkit\CUDA\v10.2\bin;C:\Program Files\NVIDIA GPU Computing Toolkit\CUDA\v10.2\libnvvp;C:\Program Files\Haskell\bin;C:\Program Files\Haskell Platform\8.4.3\lib\extralibs\bin;C:\Program Files\Haskell Platform\8.4.3\bin;C:\Program Files\NVIDIA GPU Computing Toolkit\CUDA\v9.0\bin;C:\Program Files\NVIDIA GPU Computing Toolkit\CUDA\v9.0\libnvvp;C:\Windows\system32;C:\Windows;C:\Windows\System32\Wbem;C:\Windows\System32\WindowsPowerShell\v1.0\;C:\WINDOWS\system32;C:\WINDOWS;C:\WINDOWS\System32\Wbem;C:\WINDOWS\System32\WindowsPowerShell\v1.0\;C:\WINDOWS\System32\OpenSSH\;C:\Program Files\ffmpeg\bin;C:\Program Files\Haskell Platform\8.4.3\mingw\bin;C:\Program Files\Git\cmd;F:\Program Files\MATLAB\R2019b\runtime\win64;F:\Program Files\MATLAB\R2019b\bin;C:\Go\bin;C:\Program Files (x86)\NVIDIA Corporation\PhysX\Common;C:\Program Files\NVIDIA Corporation\NVIDIA NvDLISR;C:\Program Files\CMake\bin;C:\Program Files\NVIDIA Corporation\Nsight Compute 2019.5.0\;C:\Program Files (x86)\Lua\5.1;C:\Program Files (x86)\Lua\5.1\clibs;C:\WINDOWS\system32;C:\WINDOWS;C:\WINDOWS\System32\Wbem;C:\WINDOWS\System32\WindowsPowerShell\v1.0\;C:\WINDOWS\System32\OpenSSH\;C:\Program Files\Docker\Docker\resources\bin;C:\ProgramData\DockerDesktop\version-bin;C:\Users\ars\miniconda3;C:\Users\ars\miniconda3\Library\mingw-w64\bin;C:\Users\ars\miniconda3\Library\usr\bin;C:\Users\ars\miniconda3\Library\bin;C:\Users\ars\miniconda3\Scripts;C:\Users\ars\.cargo\bin;C:\Users\ars\AppData\Roaming\cabal\bin;C:\Users\ars\AppData\Roaming\local\bin;C:\Users\ars\AppData\Local\Microsoft\WindowsApps;C:\Users\ars\apps;C:\Users\ars\AppData\Local\Programs\Microsoft VS Code\bin;C:\Program Files\Java\jdk-13.0.2\bin;C:\Users\ars\go\bin;C:\Users\ars\AppData\Local\Programs\MiKTeX 2.9\miktex\bin\x64\;C:\Users\ars\AppData\Local\atom\bin;C:\Program Files\LOVE;H:\Program Files\OpenJML;C:\Users\ars\AppData\Local\Microsoft\WindowsApps;C:\Program Files\qemu;C:\bin;C:\bin\apache-maven-3.8.4\bin;;."/>
    <property name="java.vm.info" value="mixed mode"/>
    <property name="java.vendor" value="Oracle Corporation"/>
    <property name="java.vm.version" value="17.0.1+12-39"/>
    <property name="sun.io.unicode.encoding" value="UnicodeLittle"/>
    <property name="java.class.version" value="61.0"/>
  </properties>
  <testcase name="testIntegerMismatchFailuresDoNotAdvance" classname="com.google.gson.stream.JsonReaderTest" time="0"/>
  <testcase name="testTopLevelValueTypeWithSkipValue" classname="com.google.gson.stream.JsonReaderTest" time="0"/>
  <testcase name="testVeryLongUnquotedLiteral" classname="com.google.gson.stream.JsonReaderTest" time="0"/>
  <testcase name="testStrictCommentsWithSkipValue" classname="com.google.gson.stream.JsonReaderTest" time="0"/>
  <testcase name="testStrictVeryLongNumber" classname="com.google.gson.stream.JsonReaderTest" time="0"/>
  <testcase name="testStrictMultipleTopLevelValues" classname="com.google.gson.stream.JsonReaderTest" time="0"/>
  <testcase name="testUnescapingTruncatedSequence" classname="com.google.gson.stream.JsonReaderTest" time="0"/>
  <testcase name="testLenientMultipleTopLevelValues" classname="com.google.gson.stream.JsonReaderTest" time="0"/>
  <testcase name="testStrictSemicolonDelimitedNameValuePairWithSkipValue" classname="com.google.gson.stream.JsonReaderTest" time="0"/>
  <testcase name="testSkipVeryLongUnquotedString" classname="com.google.gson.stream.JsonReaderTest" time="0"/>
  <testcase name="testLenientSingleQuotedStrings" classname="com.google.gson.stream.JsonReaderTest" time="0"/>
  <testcase name="testBooleans" classname="com.google.gson.stream.JsonReaderTest" time="0"/>
  <testcase name="testSkipArray" classname="com.google.gson.stream.JsonReaderTest" time="0"/>
  <testcase name="testBomIgnoredAsFirstCharacterOfDocument" classname="com.google.gson.stream.JsonReaderTest" time="0"/>
  <testcase name="testUnterminatedStringFailure" classname="com.google.gson.stream.JsonReaderTest" time="0"/>
  <testcase name="testDeeplyNestedArrays" classname="com.google.gson.stream.JsonReaderTest" time="0"/>
  <testcase name="testBomForbiddenAsOtherCharacterInDocument" classname="com.google.gson.stream.JsonReaderTest" time="0"/>
  <testcase name="testReadEmptyArray" classname="com.google.gson.stream.JsonReaderTest" time="0"/>
  <testcase name="testStrictNonFiniteDoublesWithSkipValue" classname="com.google.gson.stream.JsonReaderTest" time="0"/>
  <testcase name="testReadObject" classname="com.google.gson.stream.JsonReaderTest" time="0"/>
  <testcase name="testPrematureEndOfInput" classname="com.google.gson.stream.JsonReaderTest" time="0"/>
  <testcase name="testNullLiteralIsNotAString" classname="com.google.gson.stream.JsonReaderTest" time="0"/>
  <testcase name="testLongs" classname="com.google.gson.stream.JsonReaderTest" time="0"/>
  <testcase name="testNulls" classname="com.google.gson.stream.JsonReaderTest" time="0"/>
  <testcase name="testPeekingUnquotedStringsPrefixedWithBooleans" classname="com.google.gson.stream.JsonReaderTest" time="0.001"/>
  <testcase name="testMixedCaseLiterals" classname="com.google.gson.stream.JsonReaderTest" time="0"/>
  <testcase name="testLenientNonExecutePrefixWithLeadingWhitespace" classname="com.google.gson.stream.JsonReaderTest" time="0"/>
  <testcase name="testLongLargerThanMaxLongThatWrapsAround" classname="com.google.gson.stream.JsonReaderTest" time="0"/>
  <testcase name="testFailWithPosition" classname="com.google.gson.stream.JsonReaderTest" time="0"/>
  <testcase name="testStrictUnquotedStringsWithSkipValue" classname="com.google.gson.stream.JsonReaderTest" time="0"/>
  <testcase name="testStrictNameValueSeparatorWithSkipValue" classname="com.google.gson.stream.JsonReaderTest" time="0"/>
  <testcase name="testStrictMultipleTopLevelValuesWithSkipValue" classname="com.google.gson.stream.JsonReaderTest" time="0"/>
  <testcase name="testLenientSemicolonDelimitedArray" classname="com.google.gson.stream.JsonReaderTest" time="0"/>
  <testcase name="testSkipDouble" classname="com.google.gson.stream.JsonReaderTest" time="0"/>
  <testcase name="testLenientUnquotedNames" classname="com.google.gson.stream.JsonReaderTest" time="0"/>
  <testcase name="testMalformedNumbers" classname="com.google.gson.stream.JsonReaderTest" time="0"/>
  <testcase name="testLenientSingleQuotedNames" classname="com.google.gson.stream.JsonReaderTest" time="0"/>
  <testcase name="testSkipObject" classname="com.google.gson.stream.JsonReaderTest" time="0"/>
  <testcase name="testLenientExtraCommasInMaps" classname="com.google.gson.stream.JsonReaderTest" time="0"/>
  <testcase name="testTopLevelValueTypes" classname="com.google.gson.stream.JsonReaderTest" time="0"/>
  <testcase name="testPeekLongMinValue" classname="com.google.gson.stream.JsonReaderTest" time="0"/>
  <testcase name="testStringWithLeadingSlash" classname="com.google.gson.stream.JsonReaderTest" time="0"/>
  <testcase name="testUnescapingInvalidCharacters" classname="com.google.gson.stream.JsonReaderTest" time="0"/>
  <testcase name="testPeekMuchLargerThanLongMinValue" classname="com.google.gson.stream.JsonReaderTest" time="0"/>
  <testcase name="testStringNullIsNotNull" classname="com.google.gson.stream.JsonReaderTest" time="0.001"/>
  <testcase name="testCommentsInStringValue" classname="com.google.gson.stream.JsonReaderTest" time="0"/>
  <testcase name="testStringAsNumberWithDigitAndNonDigitExponent" classname="com.google.gson.stream.JsonReaderTest" time="0"/>
  <testcase name="testSkipObjectAfterPeek" classname="com.google.gson.stream.JsonReaderTest" time="0"/>
  <testcase name="testEmptyStringName" classname="com.google.gson.stream.JsonReaderTest" time="0"/>
  <testcase name="testReadArray" classname="com.google.gson.stream.JsonReaderTest" time="0"/>
  <testcase name="testFailWithPositionOverUnquotedString" classname="com.google.gson.stream.JsonReaderTest" time="0.001"/>
  <testcase name="testLenientPartialNonExecutePrefix" classname="com.google.gson.stream.JsonReaderTest" time="0"/>
  <testcase name="testFailWithPositionOverSlashSlashEndOfLineComment" classname="com.google.gson.stream.JsonReaderTest" time="0"/>
  <testcase name="testStringAsNumberWithNonDigitExponent" classname="com.google.gson.stream.JsonReaderTest" time="0"/>
  <testcase name="testStrictUnnecessaryArraySeparatorsWithSkipValue" classname="com.google.gson.stream.JsonReaderTest" time="0"/>
  <testcase name="testStringAsNumberWithTruncatedExponent" classname="com.google.gson.stream.JsonReaderTest" time="0"/>
  <testcase name="testSkipInteger" classname="com.google.gson.stream.JsonReaderTest" time="0"/>
  <testcase name="testStrictSemicolonDelimitedArrayWithSkipValue" classname="com.google.gson.stream.JsonReaderTest" time="0"/>
  <testcase name="testFailWithPositionGreaterThanBufferSize" classname="com.google.gson.stream.JsonReaderTest" time="0"/>
  <testcase name="testSkipTopLevelQuotedString" classname="com.google.gson.stream.JsonReaderTest" time="0.001"/>
  <testcase name="testMissingValue" classname="com.google.gson.stream.JsonReaderTest" time="0"/>
  <testcase name="testUnterminatedObject" classname="com.google.gson.stream.JsonReaderTest" time="0"/>
  <testcase name="testVeryLongQuotedString" classname="com.google.gson.stream.JsonReaderTest" time="0"/>
  <testcase name="testFailWithPositionDeepPath" classname="com.google.gson.stream.JsonReaderTest" time="0"/>
  <testcase name="testStrictSingleQuotedNames" classname="com.google.gson.stream.JsonReaderTest" time="0.001"/>
  <testcase name="testLenientUnquotedStrings" classname="com.google.gson.stream.JsonReaderTest" time="0"/>
  <testcase name="testStrictSingleQuotedNamesWithSkipValue" classname="com.google.gson.stream.JsonReaderTest" time="0"/>
  <testcase name="testStrictUnnecessaryArraySeparators" classname="com.google.gson.stream.JsonReaderTest" time="0"/>
  <testcase name="testVeryLongUnquotedString" classname="com.google.gson.stream.JsonReaderTest" time="0.001"/>
  <testcase name="testStrictExtraCommasInMaps" classname="com.google.gson.stream.JsonReaderTest" time="0"/>
  <testcase name="testSkipArrayAfterPeek" classname="com.google.gson.stream.JsonReaderTest" time="0"/>
  <testcase name="testDeeplyNestedObjects" classname="com.google.gson.stream.JsonReaderTest" time="0"/>
  <testcase name="testLenientNonExecutePrefix" classname="com.google.gson.stream.JsonReaderTest" time="0"/>
  <testcase name="testLenientUnnecessaryArraySeparators" classname="com.google.gson.stream.JsonReaderTest" time="0"/>
  <testcase name="testCharacterUnescaping" classname="com.google.gson.stream.JsonReaderTest" time="0"/>
  <testcase name="testNextFailuresDoNotAdvance" classname="com.google.gson.stream.JsonReaderTest" time="0.001"/>
  <testcase name="testLongLargerThanMinLongThatWrapsAround" classname="com.google.gson.stream.JsonReaderTest" time="0"/>
  <testcase name="testReadEmptyObject" classname="com.google.gson.stream.JsonReaderTest" time="0"/>
  <testcase name="testMalformedDocuments" classname="com.google.gson.stream.JsonReaderTest" time="0"/>
  <testcase name="testUnescapingTruncatedCharacters" classname="com.google.gson.stream.JsonReaderTest" time="0"/>
  <testcase name="testLenientSemicolonDelimitedNameValuePair" classname="com.google.gson.stream.JsonReaderTest" time="0"/>
  <testcase name="testSkipTopLevelObject" classname="com.google.gson.stream.JsonReaderTest" time="0"/>
  <testcase name="testEmptyString" classname="com.google.gson.stream.JsonReaderTest" time="0"/>
  <testcase name="testStrictSemicolonDelimitedArray" classname="com.google.gson.stream.JsonReaderTest" time="0"/>
  <testcase name="testReadAcrossBuffers" classname="com.google.gson.stream.JsonReaderTest" time="0"/>
  <testcase name="testStrictSemicolonDelimitedNameValuePair" classname="com.google.gson.stream.JsonReaderTest" time="0"/>
  <testcase name="testStrictSingleQuotedStringsWithSkipValue" classname="com.google.gson.stream.JsonReaderTest" time="0"/>
  <testcase name="testDocumentWithCommentEndingInSlash" classname="com.google.gson.stream.JsonReaderTest" time="0"/>
  <testcase name="testIntegersWithFractionalPartSpecified" classname="com.google.gson.stream.JsonReaderTest" time="0"/>
  <testcase name="testStrictNonExecutePrefixWithSkipValue" classname="com.google.gson.stream.JsonReaderTest" time="0"/>
  <testcase name="testLenientNonFiniteDoubles" classname="com.google.gson.stream.JsonReaderTest" time="0.001"/>
  <testcase name="testStrictUnquotedStrings" classname="com.google.gson.stream.JsonReaderTest" time="0"/>
  <testcase name="testFailWithEscapedNewlineCharacter" classname="com.google.gson.stream.JsonReaderTest" time="0"/>
  <testcase name="testSkipVeryLongQuotedString" classname="com.google.gson.stream.JsonReaderTest" time="0"/>
  <testcase name="testLenientVeryLongNumber" classname="com.google.gson.stream.JsonReaderTest" time="0.001"/>
  <testcase name="testPeekLongMaxValue" classname="com.google.gson.stream.JsonReaderTest" time="0"/>
  <testcase name="testStrictComments" classname="com.google.gson.stream.JsonReaderTest" time="0"/>
  <testcase name="testStringEndingInSlash" classname="com.google.gson.stream.JsonReaderTest" time="0"/>
  <testcase name="testStrictUnquotedNamesWithSkipValue" classname="com.google.gson.stream.JsonReaderTest" time="0"/>
  <testcase name="testQuotedNumberWithEscape" classname="com.google.gson.stream.JsonReaderTest" time="0"/>
  <testcase name="testPrematurelyClosed" classname="com.google.gson.stream.JsonReaderTest" time="0"/>
  <testcase name="testSkipTopLevelUnquotedString" classname="com.google.gson.stream.JsonReaderTest" time="0"/>
  <testcase name="testStrictNonExecutePrefix" classname="com.google.gson.stream.JsonReaderTest" time="0"/>
  <testcase name="testInvalidJsonInput" classname="com.google.gson.stream.JsonReaderTest" time="0"/>
  <testcase name="testVeryLongUnterminatedString" classname="com.google.gson.stream.JsonReaderTest" time="0.001"/>
  <testcase name="testNegativeZero" classname="com.google.gson.stream.JsonReaderTest" time="0"/>
  <testcase name="testDoubles" classname="com.google.gson.stream.JsonReaderTest" time="0"/>
  <testcase name="testStrictNameValueSeparator" classname="com.google.gson.stream.JsonReaderTest" time="0"/>
  <testcase name="testFailWithPositionOverQuotedString" classname="com.google.gson.stream.JsonReaderTest" time="0"/>
  <testcase name="testStrictUnquotedNames" classname="com.google.gson.stream.JsonReaderTest" time="0"/>
  <testcase name="testLenientComments" classname="com.google.gson.stream.JsonReaderTest" time="0"/>
  <testcase name="testPeekingUnquotedStringsPrefixedWithIntegers" classname="com.google.gson.stream.JsonReaderTest" time="0"/>
  <testcase name="testFailWithPositionOverCStyleComment" classname="com.google.gson.stream.JsonReaderTest" time="0"/>
  <testcase name="testStrictSingleQuotedStrings" classname="com.google.gson.stream.JsonReaderTest" time="0"/>
  <testcase name="testFailWithPositionOverHashEndOfLineComment" classname="com.google.gson.stream.JsonReaderTest" time="0"/>
  <testcase name="testStrictQuotedNonFiniteDoubles" classname="com.google.gson.stream.JsonReaderTest" time="0.002"/>
  <testcase name="testHasNextEndOfDocument" classname="com.google.gson.stream.JsonReaderTest" time="0"/>
  <testcase name="testLenientQuotedNonFiniteDoubles" classname="com.google.gson.stream.JsonReaderTest" time="0"/>
  <testcase name="testFailWithPositionIsOffsetByBom" classname="com.google.gson.stream.JsonReaderTest" time="0"/>
  <testcase name="testHelloWorld" classname="com.google.gson.stream.JsonReaderTest" time="0"/>
  <testcase name="testLenientNameValueSeparator" classname="com.google.gson.stream.JsonReaderTest" time="0"/>
  <testcase name="testStrictNonFiniteDoubles" classname="com.google.gson.stream.JsonReaderTest" time="0"/>
</testsuite>