<?xml version="1.0" encoding="UTF-8"?>
<testsuite xmlns:xsi="http://www.w3.org/2001/XMLSchema-instance" xsi:noNamespaceSchemaLocation="https://maven.apache.org/surefire/maven-surefire-plugin/xsd/surefire-test-report-3.0.xsd" version="3.0" name="com.google.gson.functional.PrimitiveTest" time="0.03" tests="104" errors="0" skipped="0" failures="0">
  <properties>
    <property name="java.specification.version" value="17"/>
    <property name="sun.cpu.isalist" value="amd64"/>
    <property name="sun.jnu.encoding" value="Cp1252"/>
    <property name="java.class.path" value="H:\Documents\kth\dd2480\gson\gson\target\test-classes;H:\Documents\kth\dd2480\gson\gson\target\classes;C:\Users\ars\.m2\repository\junit\junit\4.13.2\junit-4.13.2.jar;C:\Users\ars\.m2\repository\org\hamcrest\hamcrest-core\1.3\hamcrest-core-1.3.jar;"/>
    <property name="java.vm.vendor" value="Oracle Corporation"/>
    <property name="sun.arch.data.model" value="64"/>
    <property name="user.variant" value=""/>
    <property name="java.vendor.url" value="https://java.oracle.com/"/>
    <property name="user.timezone" value="Europe/Berlin"/>
    <property name="os.name" value="Windows 10"/>
    <property name="java.vm.specification.version" value="17"/>
    <property name="sun.java.launcher" value="SUN_STANDARD"/>
    <property name="user.country" value="US"/>
    <property name="sun.boot.library.path" value="C:\Users\ars\.jdks\openjdk-17.0.1\bin"/>
    <property name="sun.java.command" value="C:\Users\ars\AppData\Local\Temp\surefire144703248701921753\surefirebooter2094373082723740334.jar C:\Users\ars\AppData\Local\Temp\surefire144703248701921753 2022-03-01T14-45-55_050-jvmRun1 surefire9415072090955727631tmp surefire_08193862608435468382tmp"/>
    <property name="jdk.debug" value="release"/>
    <property name="surefire.test.class.path" value="H:\Documents\kth\dd2480\gson\gson\target\test-classes;H:\Documents\kth\dd2480\gson\gson\target\classes;C:\Users\ars\.m2\repository\junit\junit\4.13.2\junit-4.13.2.jar;C:\Users\ars\.m2\repository\org\hamcrest\hamcrest-core\1.3\hamcrest-core-1.3.jar;"/>
    <property name="sun.cpu.endian" value="little"/>
    <property name="user.home" value="C:\Users\ars"/>
    <property name="user.language" value="en"/>
    <property name="java.specification.vendor" value="Oracle Corporation"/>
    <property name="java.version.date" value="2021-10-19"/>
    <property name="java.home" value="C:\Users\ars\.jdks\openjdk-17.0.1"/>
    <property name="file.separator" value="\"/>
    <property name="basedir" value="H:\Documents\kth\dd2480\gson\gson"/>
    <property name="java.vm.compressedOopsMode" value="Zero based"/>
    <property name="line.separator" value="&#10;"/>
    <property name="java.vm.specification.vendor" value="Oracle Corporation"/>
    <property name="java.specification.name" value="Java Platform API Specification"/>
    <property name="surefire.real.class.path" value="C:\Users\ars\AppData\Local\Temp\surefire144703248701921753\surefirebooter2094373082723740334.jar"/>
    <property name="user.script" value=""/>
    <property name="sun.management.compiler" value="HotSpot 64-Bit Tiered Compilers"/>
    <property name="java.runtime.version" value="17.0.1+12-39"/>
    <property name="user.name" value="ars"/>
    <property name="path.separator" value=";"/>
    <property name="os.version" value="10.0"/>
    <property name="java.runtime.name" value="OpenJDK Runtime Environment"/>
    <property name="file.encoding" value="Cp1252"/>
    <property name="java.vm.name" value="OpenJDK 64-Bit Server VM"/>
    <property name="localRepository" value="C:\Users\ars\.m2\repository"/>
    <property name="java.vendor.url.bug" value="https://bugreport.java.com/bugreport/"/>
    <property name="java.io.tmpdir" value="C:\Users\ars\AppData\Local\Temp\"/>
    <property name="idea.version" value="2021.3.1"/>
    <property name="java.version" value="17.0.1"/>
    <property name="user.dir" value="H:\Documents\kth\dd2480\gson\gson"/>
    <property name="os.arch" value="amd64"/>
    <property name="java.vm.specification.name" value="Java Virtual Machine Specification"/>
    <property name="sun.os.patch.level" value=""/>
    <property name="native.encoding" value="Cp1252"/>
    <property name="java.library.path" value="C:\Users\ars\.jdks\openjdk-17.0.1\bin;C:\WINDOWS\Sun\Java\bin;C:\WINDOWS\system32;C:\WINDOWS;C:\Program Files (x86)\Common Files\Oracle\Java\javapath;C:\Program Files\NVIDIA GPU Computing Toolkit\CUDA\v10.2\bin;C:\Program Files\NVIDIA GPU Computing Toolkit\CUDA\v10.2\libnvvp;C:\Program Files\Haskell\bin;C:\Program Files\Haskell Platform\8.4.3\lib\extralibs\bin;C:\Program Files\Haskell Platform\8.4.3\bin;C:\Program Files\NVIDIA GPU Computing Toolkit\CUDA\v9.0\bin;C:\Program Files\NVIDIA GPU Computing Toolkit\CUDA\v9.0\libnvvp;C:\Windows\system32;C:\Windows;C:\Windows\System32\Wbem;C:\Windows\System32\WindowsPowerShell\v1.0\;C:\WINDOWS\system32;C:\WINDOWS;C:\WINDOWS\System32\Wbem;C:\WINDOWS\System32\WindowsPowerShell\v1.0\;C:\WINDOWS\System32\OpenSSH\;C:\Program Files\ffmpeg\bin;C:\Program Files\Haskell Platform\8.4.3\mingw\bin;C:\Program Files\Git\cmd;F:\Program Files\MATLAB\R2019b\runtime\win64;F:\Program Files\MATLAB\R2019b\bin;C:\Go\bin;C:\Program Files (x86)\NVIDIA Corporation\PhysX\Common;C:\Program Files\NVIDIA Corporation\NVIDIA NvDLISR;C:\Program Files\CMake\bin;C:\Program Files\NVIDIA Corporation\Nsight Compute 2019.5.0\;C:\Program Files (x86)\Lua\5.1;C:\Program Files (x86)\Lua\5.1\clibs;C:\WINDOWS\system32;C:\WINDOWS;C:\WINDOWS\System32\Wbem;C:\WINDOWS\System32\WindowsPowerShell\v1.0\;C:\WINDOWS\System32\OpenSSH\;C:\Program Files\Docker\Docker\resources\bin;C:\ProgramData\DockerDesktop\version-bin;C:\Users\ars\miniconda3;C:\Users\ars\miniconda3\Library\mingw-w64\bin;C:\Users\ars\miniconda3\Library\usr\bin;C:\Users\ars\miniconda3\Library\bin;C:\Users\ars\miniconda3\Scripts;C:\Users\ars\.cargo\bin;C:\Users\ars\AppData\Roaming\cabal\bin;C:\Users\ars\AppData\Roaming\local\bin;C:\Users\ars\AppData\Local\Microsoft\WindowsApps;C:\Users\ars\apps;C:\Users\ars\AppData\Local\Programs\Microsoft VS Code\bin;C:\Program Files\Java\jdk-13.0.2\bin;C:\Users\ars\go\bin;C:\Users\ars\AppData\Local\Programs\MiKTeX 2.9\miktex\bin\x64\;C:\Users\ars\AppData\Local\atom\bin;C:\Program Files\LOVE;H:\Program Files\OpenJML;C:\Users\ars\AppData\Local\Microsoft\WindowsApps;C:\Program Files\qemu;C:\bin;C:\bin\apache-maven-3.8.4\bin;;."/>
    <property name="java.vm.info" value="mixed mode, sharing"/>
    <property name="java.vendor" value="Oracle Corporation"/>
    <property name="java.vm.version" value="17.0.1+12-39"/>
    <property name="sun.io.unicode.encoding" value="UnicodeLittle"/>
    <property name="java.class.version" value="61.0"/>
  </properties>
  <testcase name="testDeserializeJsonArrayAsBigDecimal" classname="com.google.gson.functional.PrimitiveTest" time="0"/>
  <testcase name="testDeserializingBigIntegerAsLong" classname="com.google.gson.functional.PrimitiveTest" time="0"/>
  <testcase name="testLongAsStringDeserialization" classname="com.google.gson.functional.PrimitiveTest" time="0"/>
  <testcase name="testBigDecimalPreservePrecisionSerialization" classname="com.google.gson.functional.PrimitiveTest" time="0"/>
  <testcase name="testSmallValueForBigDecimalDeserialization" classname="com.google.gson.functional.PrimitiveTest" time="0"/>
  <testcase name="testFloatNaNSerializationNotSupportedByDefault" classname="com.google.gson.functional.PrimitiveTest" time="0"/>
  <testcase name="testDeserializeJsonArrayAsLongWrapper" classname="com.google.gson.functional.PrimitiveTest" time="0"/>
  <testcase name="testDeserializeJsonArrayAsShortWrapper" classname="com.google.gson.functional.PrimitiveTest" time="0"/>
  <testcase name="testDeserializeJsonObjectAsDoubleWrapper" classname="com.google.gson.functional.PrimitiveTest" time="0"/>
  <testcase name="testDeserializingBigDecimalAsFloat" classname="com.google.gson.functional.PrimitiveTest" time="0"/>
  <testcase name="testNumberDeserialization" classname="com.google.gson.functional.PrimitiveTest" time="0"/>
  <testcase name="testMoreSpecificSerialization" classname="com.google.gson.functional.PrimitiveTest" time="0"/>
  <testcase name="testUnquotedStringDeserializationFails" classname="com.google.gson.functional.PrimitiveTest" time="0"/>
  <testcase name="testDeserializingBigIntegerAsBigDecimal" classname="com.google.gson.functional.PrimitiveTest" time="0"/>
  <testcase name="testQuotedStringSerializationAndDeserialization" classname="com.google.gson.functional.PrimitiveTest" time="0"/>
  <testcase name="testLazilyParsedNumberDeserialization" classname="com.google.gson.functional.PrimitiveTest" time="0"/>
  <testcase name="testDeserializingBigDecimalAsIntegerFails" classname="com.google.gson.functional.PrimitiveTest" time="0"/>
  <testcase name="testDeserializeJsonArrayAsBigInteger" classname="com.google.gson.functional.PrimitiveTest" time="0"/>
  <testcase name="testBigDecimalNaNDeserializationNotSupported" classname="com.google.gson.functional.PrimitiveTest" time="0"/>
  <testcase name="testDeserializingBigDecimalAsBigIntegerFails" classname="com.google.gson.functional.PrimitiveTest" time="0"/>
  <testcase name="testDeserializeJsonArrayAsFloatWrapper" classname="com.google.gson.functional.PrimitiveTest" time="0"/>
  <testcase name="testDeserializeJsonArrayAsInt" classname="com.google.gson.functional.PrimitiveTest" time="0.001"/>
  <testcase name="testReallyLongValuesDeserialization" classname="com.google.gson.functional.PrimitiveTest" time="0"/>
  <testcase name="testNegativeInfinityFloatSerializationNotSupportedByDefault" classname="com.google.gson.functional.PrimitiveTest" time="0"/>
  <testcase name="testBigDecimalInASingleElementArraySerialization" classname="com.google.gson.functional.PrimitiveTest" time="0"/>
  <testcase name="testNumberAsStringDeserialization" classname="com.google.gson.functional.PrimitiveTest" time="0"/>
  <testcase name="testDeserializeJsonObjectAsInteger" classname="com.google.gson.functional.PrimitiveTest" time="0"/>
  <testcase name="testDeserializingBigIntegerAsInteger" classname="com.google.gson.functional.PrimitiveTest" time="0"/>
  <testcase name="testSmallValueForBigIntegerDeserialization" classname="com.google.gson.functional.PrimitiveTest" time="0.001"/>
  <testcase name="testNegativeInfinityFloatDeserialization" classname="com.google.gson.functional.PrimitiveTest" time="0"/>
  <testcase name="testBadValueForBigIntegerDeserialization" classname="com.google.gson.functional.PrimitiveTest" time="0"/>
  <testcase name="testHtmlCharacterSerialization" classname="com.google.gson.functional.PrimitiveTest" time="0"/>
  <testcase name="testLargeDoubleDeserialization" classname="com.google.gson.functional.PrimitiveTest" time="0"/>
  <testcase name="testShortDeserializationLossy" classname="com.google.gson.functional.PrimitiveTest" time="0"/>
  <testcase name="testDoubleNaNSerializationNotSupportedByDefault" classname="com.google.gson.functional.PrimitiveTest" time="0"/>
  <testcase name="testShortDeserialization" classname="com.google.gson.functional.PrimitiveTest" time="0"/>
  <testcase name="testPrimitiveBooleanAutoboxedInASingleElementArraySerialization" classname="com.google.gson.functional.PrimitiveTest" time="0"/>
  <testcase name="testDeserializeJsonObjectAsFloatPrimitive" classname="com.google.gson.functional.PrimitiveTest" time="0"/>
  <testcase name="testValueVeryCloseToZeroIsZero" classname="com.google.gson.functional.PrimitiveTest" time="0.005"/>
  <testcase name="testPrimitiveBooleanAutoboxedSerialization" classname="com.google.gson.functional.PrimitiveTest" time="0"/>
  <testcase name="testBigDecimalDeserialization" classname="com.google.gson.functional.PrimitiveTest" time="0"/>
  <testcase name="testPrimitiveLongAutoboxedDeserialization" classname="com.google.gson.functional.PrimitiveTest" time="0"/>
  <testcase name="testDoubleInfinitySerializationNotSupportedByDefault" classname="com.google.gson.functional.PrimitiveTest" time="0"/>
  <testcase name="testByteDeserializationLossy" classname="com.google.gson.functional.PrimitiveTest" time="0"/>
  <testcase name="testNegativeInfinityDeserialization" classname="com.google.gson.functional.PrimitiveTest" time="0"/>
  <testcase name="testSmallValueForBigIntegerSerialization" classname="com.google.gson.functional.PrimitiveTest" time="0"/>
  <testcase name="testNegativeInfinitySerializationNotSupportedByDefault" classname="com.google.gson.functional.PrimitiveTest" time="0"/>
  <testcase name="testBigDecimalNegativeInfinityDeserializationNotSupported" classname="com.google.gson.functional.PrimitiveTest" time="0"/>
  <testcase name="testDeserializeJsonArrayAsDoublePrimitive" classname="com.google.gson.functional.PrimitiveTest" time="0"/>
  <testcase name="testSmallValueForBigDecimalSerialization" classname="com.google.gson.functional.PrimitiveTest" time="0"/>
  <testcase name="testNumberSerialization" classname="com.google.gson.functional.PrimitiveTest" time="0"/>
  <testcase name="testBigDecimalAsStringRepresentationDeserialization" classname="com.google.gson.functional.PrimitiveTest" time="0"/>
  <testcase name="testDeserializeJsonArrayAsByteWrapper" classname="com.google.gson.functional.PrimitiveTest" time="0"/>
  <testcase name="testBigDecimalInfinityDeserializationNotSupported" classname="com.google.gson.functional.PrimitiveTest" time="0"/>
  <testcase name="testFloatNaNSerialization" classname="com.google.gson.functional.PrimitiveTest" time="0"/>
  <testcase name="testDeserializeJsonObjectAsBooleanPrimitive" classname="com.google.gson.functional.PrimitiveTest" time="0"/>
  <testcase name="testByteDeserialization" classname="com.google.gson.functional.PrimitiveTest" time="0"/>
  <testcase name="testPrimitiveIntegerAutoboxedDeserialization" classname="com.google.gson.functional.PrimitiveTest" time="0"/>
  <testcase name="testDeserializeJsonArrayAsBooleanWrapper" classname="com.google.gson.functional.PrimitiveTest" time="0"/>
  <testcase name="testDoubleNoFractAsStringRepresentationDeserialization" classname="com.google.gson.functional.PrimitiveTest" time="0.002"/>
  <testcase name="testDeserializingBigDecimalAsDouble" classname="com.google.gson.functional.PrimitiveTest" time="0"/>
  <testcase name="testBigIntegerDeserialization" classname="com.google.gson.functional.PrimitiveTest" time="0"/>
  <testcase name="testBigDecimalNoFractAsStringRepresentationDeserialization" classname="com.google.gson.functional.PrimitiveTest" time="0"/>
  <testcase name="testReallyLongValuesSerialization" classname="com.google.gson.functional.PrimitiveTest" time="0"/>
  <testcase name="testDeserializeJsonObjectAsBytePrimitive" classname="com.google.gson.functional.PrimitiveTest" time="0"/>
  <testcase name="testPrimitiveDoubleAutoboxedSerialization" classname="com.google.gson.functional.PrimitiveTest" time="0"/>
  <testcase name="testDeserializeJsonObjectAsBigDecimal" classname="com.google.gson.functional.PrimitiveTest" time="0"/>
  <testcase name="testNegativeInfinitySerialization" classname="com.google.gson.functional.PrimitiveTest" time="0"/>
  <testcase name="testFloatInfinitySerialization" classname="com.google.gson.functional.PrimitiveTest" time="0"/>
  <testcase name="testFloatNaNDeserialization" classname="com.google.gson.functional.PrimitiveTest" time="0"/>
  <testcase name="testDoubleNaNDeserialization" classname="com.google.gson.functional.PrimitiveTest" time="0"/>
  <testcase name="testBigIntegerInASingleElementArraySerialization" classname="com.google.gson.functional.PrimitiveTest" time="0"/>
  <testcase name="testPrimitiveDoubleAutoboxedDeserialization" classname="com.google.gson.functional.PrimitiveTest" time="0"/>
  <testcase name="testStringsAsBooleans" classname="com.google.gson.functional.PrimitiveTest" time="0.007"/>
  <testcase name="testBigIntegerSerialization" classname="com.google.gson.functional.PrimitiveTest" time="0"/>
  <testcase name="testDeserializingDecimalPointValueZeroSucceeds" classname="com.google.gson.functional.PrimitiveTest" time="0"/>
  <testcase name="testLongAsStringSerialization" classname="com.google.gson.functional.PrimitiveTest" time="0"/>
  <testcase name="testDoubleArrayDeserialization" classname="com.google.gson.functional.PrimitiveTest" time="0"/>
  <testcase name="testDeserializeJsonObjectAsBigInteger" classname="com.google.gson.functional.PrimitiveTest" time="0"/>
  <testcase name="testDeserializePrimitiveWrapperAsObjectField" classname="com.google.gson.functional.PrimitiveTest" time="0.006"/>
  <testcase name="testPrimitiveClassLiteral" classname="com.google.gson.functional.PrimitiveTest" time="0"/>
  <testcase name="testBigDecimalSerialization" classname="com.google.gson.functional.PrimitiveTest" time="0"/>
  <testcase name="testByteSerialization" classname="com.google.gson.functional.PrimitiveTest" time="0"/>
  <testcase name="testNegativeInfinityFloatSerialization" classname="com.google.gson.functional.PrimitiveTest" time="0.001"/>
  <testcase name="testPrimitiveIntegerAutoboxedSerialization" classname="com.google.gson.functional.PrimitiveTest" time="0"/>
  <testcase name="testShortSerialization" classname="com.google.gson.functional.PrimitiveTest" time="0"/>
  <testcase name="testPrimitiveIntegerAutoboxedInASingleElementArraySerialization" classname="com.google.gson.functional.PrimitiveTest" time="0"/>
  <testcase name="testFloatInfinitySerializationNotSupportedByDefault" classname="com.google.gson.functional.PrimitiveTest" time="0"/>
  <testcase name="testDoubleInfinityDeserialization" classname="com.google.gson.functional.PrimitiveTest" time="0"/>
  <testcase name="testLazilyParsedNumberSerialization" classname="com.google.gson.functional.PrimitiveTest" time="0"/>
  <testcase name="testBigDecimalPreservePrecisionDeserialization" classname="com.google.gson.functional.PrimitiveTest" time="0"/>
  <testcase name="testDeserializeJsonArrayAsNumber" classname="com.google.gson.functional.PrimitiveTest" time="0"/>
  <testcase name="testDoubleNaNSerialization" classname="com.google.gson.functional.PrimitiveTest" time="0"/>
  <testcase name="testBooleanDeserialization" classname="com.google.gson.functional.PrimitiveTest" time="0"/>
  <testcase name="testPrimitiveLongAutoboxedInASingleElementArraySerialization" classname="com.google.gson.functional.PrimitiveTest" time="0"/>
  <testcase name="testDeserializingNonZeroDecimalPointValuesAsIntegerFails" classname="com.google.gson.functional.PrimitiveTest" time="0"/>
  <testcase name="testFloatInfinityDeserialization" classname="com.google.gson.functional.PrimitiveTest" time="0"/>
  <testcase name="testDeserializeJsonObjectAsNumber" classname="com.google.gson.functional.PrimitiveTest" time="0"/>
  <testcase name="testDoubleInfinitySerialization" classname="com.google.gson.functional.PrimitiveTest" time="0"/>
  <testcase name="testPrimitiveDoubleAutoboxedInASingleElementArraySerialization" classname="com.google.gson.functional.PrimitiveTest" time="0"/>
  <testcase name="testDeserializeJsonObjectAsShortPrimitive" classname="com.google.gson.functional.PrimitiveTest" time="0"/>
  <testcase name="testPrimitiveLongAutoboxedSerialization" classname="com.google.gson.functional.PrimitiveTest" time="0"/>
  <testcase name="testDoubleAsStringRepresentationDeserialization" classname="com.google.gson.functional.PrimitiveTest" time="0"/>
  <testcase name="testDeserializeJsonObjectAsLongPrimitive" classname="com.google.gson.functional.PrimitiveTest" time="0"/>
</testsuite>